1594838380975	mozrunner::runner	INFO	Running command: "/Applications/Firefox.app/Contents/MacOS/firefox-bin" "-marionette" "-foreground" "-no-remote" "-profile" "/var/folders/8x/td8pgcvx7tzflf7zm5cy748c0000gn/T/rust_mozprofileZ73AoS"
1594838383505	Marionette	INFO	Listening on port 64149
1594838383551	Marionette	WARN	TLS certificate errors will be ignored for this session
1594838383653	Marionette	INFO	Stopped listening on port 64149
1594838430620	mozrunner::runner	INFO	Running command: "/Applications/Firefox.app/Contents/MacOS/firefox-bin" "-marionette" "-foreground" "-no-remote" "-profile" "/var/folders/8x/td8pgcvx7tzflf7zm5cy748c0000gn/T/rust_mozprofilee4QFfZ"
1594838432481	Marionette	INFO	Listening on port 64211
1594838432567	Marionette	WARN	TLS certificate errors will be ignored for this session
1594838432680	Marionette	INFO	Stopped listening on port 64211
IPDL protocol error: Handler returned error code!

###!!! [Parent][DispatchAsyncMessage] Error: PLayerTransaction::Msg_ReleaseLayer Processing error: message was deserialized, but the handler returned false (indicating failure)

IPDL protocol error: Handler returned error code!

###!!! [Parent][DispatchAsyncMessage] Error: PLayerTransaction::Msg_ReleaseLayer Processing error: message was deserialized, but the handler returned false (indicating failure)

IPDL protocol error: Handler returned error code!

###!!! [Parent][DispatchAsyncMessage] Error: PLayerTransaction::Msg_ReleaseLayer Processing error: message was deserialized, but the handler returned false (indicating failure)

IPDL protocol error: Handler returned error code!

###!!! [Parent][DispatchAsyncMessage] Error: PLayerTransaction::Msg_ReleaseLayer Processing error: message was deserialized, but the handler returned false (indicating failure)

1594838480877	mozrunner::runner	INFO	Running command: "/Applications/Firefox.app/Contents/MacOS/firefox-bin" "-marionette" "-foreground" "-no-remote" "-profile" "/var/folders/8x/td8pgcvx7tzflf7zm5cy748c0000gn/T/rust_mozprofileENa0px"
1594838482771	Marionette	INFO	Listening on port 64264
1594838482825	Marionette	WARN	TLS certificate errors will be ignored for this session
1594838482919	Marionette	INFO	Stopped listening on port 64264
IPDL protocol error: Handler returned error code!

###!!! [Parent][DispatchAsyncMessage] Error: PLayerTransaction::Msg_ReleaseLayer Processing error: message was deserialized, but the handler returned false (indicating failure)

IPDL protocol error: Handler returned error code!

###!!! [Parent][DispatchAsyncMessage] Error: PLayerTransaction::Msg_ReleaseLayer Processing error: message was deserialized, but the handler returned false (indicating failure)

IPDL protocol error: Handler returned error code!

###!!! [Parent][DispatchAsyncMessage] Error: PLayerTransaction::Msg_ReleaseLayer Processing error: message was deserialized, but the handler returned false (indicating failure)

IPDL protocol error: Handler returned error code!

###!!! [Parent][DispatchAsyncMessage] Error: PLayerTransaction::Msg_ReleaseLayer Processing error: message was deserialized, but the handler returned false (indicating failure)

1594838504300	mozrunner::runner	INFO	Running command: "/Applications/Firefox.app/Contents/MacOS/firefox-bin" "-marionette" "-foreground" "-no-remote" "-profile" "/var/folders/8x/td8pgcvx7tzflf7zm5cy748c0000gn/T/rust_mozprofilebMeAAg"
1594838506473	Marionette	INFO	Listening on port 64317
1594838506539	Marionette	WARN	TLS certificate errors will be ignored for this session
JavaScript error: http://localhost:8000/, line 85: TypeError: document.getElementById(...) is null
1594838507288	Marionette	INFO	Stopped listening on port 64317
1594838588191	mozrunner::runner	INFO	Running command: "/Applications/Firefox.app/Contents/MacOS/firefox-bin" "-marionette" "-foreground" "-no-remote" "-profile" "/var/folders/8x/td8pgcvx7tzflf7zm5cy748c0000gn/T/rust_mozprofileYA5MW6"
1594838590058	Marionette	INFO	Listening on port 64401
1594838590134	Marionette	WARN	TLS certificate errors will be ignored for this session
JavaScript error: http://localhost:8000/, line 85: TypeError: document.getElementById(...) is null
1594838590776	Marionette	INFO	Stopped listening on port 64401
1594838618586	mozrunner::runner	INFO	Running command: "/Applications/Firefox.app/Contents/MacOS/firefox-bin" "-marionette" "-foreground" "-no-remote" "-profile" "/var/folders/8x/td8pgcvx7tzflf7zm5cy748c0000gn/T/rust_mozprofile7t0VOk"
1594838620536	Marionette	INFO	Listening on port 64472
1594838620644	Marionette	WARN	TLS certificate errors will be ignored for this session
JavaScript error: http://localhost:8000/cv, line 147: TypeError: document.getElementById(...) is null
1594838621256	Marionette	INFO	Stopped listening on port 64472
1596570909490	geckodriver	INFO	Listening on 127.0.0.1:57594
1596570909502	mozrunner::runner	INFO	Running command: "/Applications/Firefox.app/Contents/MacOS/firefox-bin" "--marionette" "-foreground" "-no-remote" "-profile" "/var/folders/1d/g8chbf091f1fkvjm54sjdmwr0000gn/T/rust_mozprofileLCplgu"
console.error: SearchCache: "_readCacheFile: Error reading cache file:" (new Error("", "(unknown module)"))
1596570911772	Marionette	INFO	Listening on port 57603
1596570911852	Marionette	WARN	TLS certificate errors will be ignored for this session
JavaScript error: http://localhost:8000/cv, line 147: TypeError: document.getElementById(...) is null
1596570913441	Marionette	INFO	Stopped listening on port 57603
1596642147880	geckodriver	INFO	Listening on 127.0.0.1:49645
1596642148911	mozrunner::runner	INFO	Running command: "/Applications/Firefox.app/Contents/MacOS/firefox-bin" "--marionette" "-foreground" "-no-remote" "-profile" "/var/folders/1d/g8chbf091f1fkvjm54sjdmwr0000gn/T/rust_mozprofileLHpYcA"
console.error: SearchCache: "_readCacheFile: Error reading cache file:" (new Error("", "(unknown module)"))
1596642151248	Marionette	INFO	Listening on port 49656
1596642151262	Marionette	WARN	TLS certificate errors will be ignored for this session
JavaScript error: http://localhost:8000/cv, line 147: TypeError: document.getElementById(...) is null
1596642152128	Marionette	INFO	Stopped listening on port 49656
1597154491989	geckodriver	INFO	Listening on 127.0.0.1:58644
1597154492936	mozrunner::runner	INFO	Running command: "/Applications/Firefox.app/Contents/MacOS/firefox-bin" "--marionette" "-foreground" "-no-remote" "-profile" "/var/folders/1d/g8chbf091f1fkvjm54sjdmwr0000gn/T/rust_mozprofileCrI7AZ"
console.error: SearchCache: "_readCacheFile: Error reading cache file:" (new Error("", "(unknown module)"))
1597154495773	Marionette	INFO	Listening on port 58658
1597154495861	Marionette	WARN	TLS certificate errors will be ignored for this session
JavaScript error: http://localhost:8000/cv, line 154: TypeError: document.getElementById(...) is null
1597154496669	Marionette	INFO	Stopped listening on port 58658
1597339326852	geckodriver	INFO	Listening on 127.0.0.1:52530
1597339326874	mozrunner::runner	INFO	Running command: "/Applications/Firefox.app/Contents/MacOS/firefox-bin" "--marionette" "-foreground" "-no-remote" "-profile" "/var/folders/1d/g8chbf091f1fkvjm54sjdmwr0000gn/T/rust_mozprofile2GZ1s9"
console.error: SearchCache: "_readCacheFile: Error reading cache file:" (new Error("", "(unknown module)"))
1597339329377	Marionette	INFO	Listening on port 52539
1597339329395	Marionette	WARN	TLS certificate errors will be ignored for this session
JavaScript error: http://localhost:8000/cv, line 154: TypeError: document.getElementById(...) is null
1597339330237	Marionette	INFO	Stopped listening on port 52539
JavaScript error: resource://gre/modules/UrlClassifierListManager.jsm, line 691: TypeError: this.tablesData[table] is undefined
1597339432380	geckodriver	INFO	Listening on 127.0.0.1:52612
1597339433403	mozrunner::runner	INFO	Running command: "/Applications/Firefox.app/Contents/MacOS/firefox-bin" "--marionette" "-foreground" "-no-remote" "-profile" "/var/folders/1d/g8chbf091f1fkvjm54sjdmwr0000gn/T/rust_mozprofileyFTcir"
console.error: SearchCache: "_readCacheFile: Error reading cache file:" (new Error("", "(unknown module)"))
1597339435436	Marionette	INFO	Listening on port 52623
1597339435557	Marionette	WARN	TLS certificate errors will be ignored for this session
JavaScript error: http://localhost:8000/cv, line 154: TypeError: document.getElementById(...) is null
1597339436379	Marionette	INFO	Stopped listening on port 52623
1597339480706	geckodriver	INFO	Listening on 127.0.0.1:52692
1597339480714	mozrunner::runner	INFO	Running command: "/Applications/Firefox.app/Contents/MacOS/firefox-bin" "--marionette" "-foreground" "-no-remote" "-profile" "/var/folders/1d/g8chbf091f1fkvjm54sjdmwr0000gn/T/rust_mozprofile9sjwEF"
console.error: SearchCache: "_readCacheFile: Error reading cache file:" (new Error("", "(unknown module)"))
1597339482677	Marionette	INFO	Listening on port 52697
1597339482758	Marionette	WARN	TLS certificate errors will be ignored for this session
JavaScript error: http://localhost:8000/cv, line 154: TypeError: document.getElementById(...) is null
1597339483606	Marionette	INFO	Stopped listening on port 52697
1597339547741	geckodriver	INFO	Listening on 127.0.0.1:52768
1597339548763	mozrunner::runner	INFO	Running command: "/Applications/Firefox.app/Contents/MacOS/firefox-bin" "--marionette" "-foreground" "-no-remote" "-profile" "/var/folders/1d/g8chbf091f1fkvjm54sjdmwr0000gn/T/rust_mozprofileS8wNYC"
console.error: SearchCache: "_readCacheFile: Error reading cache file:" (new Error("", "(unknown module)"))
1597339550600	Marionette	INFO	Listening on port 52775
1597339550622	Marionette	WARN	TLS certificate errors will be ignored for this session
JavaScript error: http://localhost:8000/cv, line 154: TypeError: document.getElementById(...) is null
1597339551446	Marionette	INFO	Stopped listening on port 52775
JavaScript error: resource://gre/modules/UrlClassifierListManager.jsm, line 691: TypeError: this.tablesData[table] is undefined
1597339767213	geckodriver	INFO	Listening on 127.0.0.1:52941
1597339767221	mozrunner::runner	INFO	Running command: "/Applications/Firefox.app/Contents/MacOS/firefox-bin" "--marionette" "-foreground" "-no-remote" "-profile" "/var/folders/1d/g8chbf091f1fkvjm54sjdmwr0000gn/T/rust_mozprofileMoxjT5"
console.error: SearchCache: "_readCacheFile: Error reading cache file:" (new Error("", "(unknown module)"))
1597339769510	Marionette	INFO	Listening on port 52946
1597339769591	Marionette	WARN	TLS certificate errors will be ignored for this session
JavaScript error: http://localhost:8000/cv, line 154: TypeError: document.getElementById(...) is null
1597339770524	Marionette	INFO	Stopped listening on port 52946
1597339797338	geckodriver	INFO	Listening on 127.0.0.1:53020
1597339798358	mozrunner::runner	INFO	Running command: "/Applications/Firefox.app/Contents/MacOS/firefox-bin" "--marionette" "-foreground" "-no-remote" "-profile" "/var/folders/1d/g8chbf091f1fkvjm54sjdmwr0000gn/T/rust_mozprofile4zlP7r"
console.error: SearchCache: "_readCacheFile: Error reading cache file:" (new Error("", "(unknown module)"))
1597339800323	Marionette	INFO	Listening on port 53027
1597339800400	Marionette	WARN	TLS certificate errors will be ignored for this session
JavaScript error: http://localhost:8000/cv, line 154: TypeError: document.getElementById(...) is null
1597339801280	Marionette	INFO	Stopped listening on port 53027
1597339842124	geckodriver	INFO	Listening on 127.0.0.1:53098
1597339843137	mozrunner::runner	INFO	Running command: "/Applications/Firefox.app/Contents/MacOS/firefox-bin" "--marionette" "-foreground" "-no-remote" "-profile" "/var/folders/1d/g8chbf091f1fkvjm54sjdmwr0000gn/T/rust_mozprofileBCyJxZ"
console.error: SearchCache: "_readCacheFile: Error reading cache file:" (new Error("", "(unknown module)"))
1597339845040	Marionette	INFO	Listening on port 53105
1597339845067	Marionette	WARN	TLS certificate errors will be ignored for this session
JavaScript error: http://localhost:8000/cv, line 154: TypeError: document.getElementById(...) is null
1597339845977	Marionette	INFO	Stopped listening on port 53105
JavaScript error: resource://gre/modules/UrlClassifierListManager.jsm, line 691: TypeError: this.tablesData[table] is undefined
1597339867882	geckodriver	INFO	Listening on 127.0.0.1:53171
1597339867889	mozrunner::runner	INFO	Running command: "/Applications/Firefox.app/Contents/MacOS/firefox-bin" "--marionette" "-foreground" "-no-remote" "-profile" "/var/folders/1d/g8chbf091f1fkvjm54sjdmwr0000gn/T/rust_mozprofileZvLEwj"
console.error: SearchCache: "_readCacheFile: Error reading cache file:" (new Error("", "(unknown module)"))
1597339869703	Marionette	INFO	Listening on port 53176
1597339869745	Marionette	WARN	TLS certificate errors will be ignored for this session
JavaScript error: http://localhost:8000/cv, line 154: TypeError: document.getElementById(...) is null
1597339870645	Marionette	INFO	Stopped listening on port 53176
1597339958600	geckodriver	INFO	Listening on 127.0.0.1:53246
1597339958608	mozrunner::runner	INFO	Running command: "/Applications/Firefox.app/Contents/MacOS/firefox-bin" "--marionette" "-foreground" "-no-remote" "-profile" "/var/folders/1d/g8chbf091f1fkvjm54sjdmwr0000gn/T/rust_mozprofilegTngki"
console.error: SearchCache: "_readCacheFile: Error reading cache file:" (new Error("", "(unknown module)"))
1597339960562	Marionette	INFO	Listening on port 53251
1597339960636	Marionette	WARN	TLS certificate errors will be ignored for this session
JavaScript error: http://localhost:8000/cv, line 154: TypeError: document.getElementById(...) is null
1597339961574	Marionette	INFO	Stopped listening on port 53251
1597339989572	geckodriver	INFO	Listening on 127.0.0.1:53320
1597339989580	mozrunner::runner	INFO	Running command: "/Applications/Firefox.app/Contents/MacOS/firefox-bin" "--marionette" "-foreground" "-no-remote" "-profile" "/var/folders/1d/g8chbf091f1fkvjm54sjdmwr0000gn/T/rust_mozprofileEai96R"
console.error: SearchCache: "_readCacheFile: Error reading cache file:" (new Error("", "(unknown module)"))
1597339991530	Marionette	INFO	Listening on port 53325
1597339991617	Marionette	WARN	TLS certificate errors will be ignored for this session
JavaScript error: http://localhost:8000/cv, line 154: TypeError: document.getElementById(...) is null
1597339992458	Marionette	INFO	Stopped listening on port 53325
1597340118466	geckodriver	INFO	Listening on 127.0.0.1:53397
1597340119482	mozrunner::runner	INFO	Running command: "/Applications/Firefox.app/Contents/MacOS/firefox-bin" "--marionette" "-foreground" "-no-remote" "-profile" "/var/folders/1d/g8chbf091f1fkvjm54sjdmwr0000gn/T/rust_mozprofilep2tFnU"
console.error: SearchCache: "_readCacheFile: Error reading cache file:" (new Error("", "(unknown module)"))
1597340121371	Marionette	INFO	Listening on port 53404
1597340121416	Marionette	WARN	TLS certificate errors will be ignored for this session
JavaScript error: http://localhost:8000/cv, line 154: TypeError: document.getElementById(...) is null
1597340122414	Marionette	INFO	Stopped listening on port 53404
1597340155825	geckodriver	INFO	Listening on 127.0.0.1:53471
1597340155832	mozrunner::runner	INFO	Running command: "/Applications/Firefox.app/Contents/MacOS/firefox-bin" "--marionette" "-foreground" "-no-remote" "-profile" "/var/folders/1d/g8chbf091f1fkvjm54sjdmwr0000gn/T/rust_mozprofileDI6e8S"
console.error: SearchCache: "_readCacheFile: Error reading cache file:" (new Error("", "(unknown module)"))
1597340157713	Marionette	INFO	Listening on port 53476
1597340157774	Marionette	WARN	TLS certificate errors will be ignored for this session
JavaScript error: http://localhost:8000/cv, line 154: TypeError: document.getElementById(...) is null
1597340158618	Marionette	INFO	Stopped listening on port 53476
1597340292900	geckodriver	INFO	Listening on 127.0.0.1:53598
1597340293922	mozrunner::runner	INFO	Running command: "/Applications/Firefox.app/Contents/MacOS/firefox-bin" "--marionette" "-foreground" "-no-remote" "-profile" "/var/folders/1d/g8chbf091f1fkvjm54sjdmwr0000gn/T/rust_mozprofileuovmLK"
console.error: SearchCache: "_readCacheFile: Error reading cache file:" (new Error("", "(unknown module)"))
1597340295933	Marionette	INFO	Listening on port 53605
1597340295968	Marionette	WARN	TLS certificate errors will be ignored for this session
JavaScript error: http://localhost:8000/cv, line 154: TypeError: document.getElementById(...) is null
1597340297189	Marionette	INFO	Stopped listening on port 53605
1597340318593	geckodriver	INFO	Listening on 127.0.0.1:53669
1597340318600	mozrunner::runner	INFO	Running command: "/Applications/Firefox.app/Contents/MacOS/firefox-bin" "--marionette" "-foreground" "-no-remote" "-profile" "/var/folders/1d/g8chbf091f1fkvjm54sjdmwr0000gn/T/rust_mozprofileIj9gZC"
console.error: SearchCache: "_readCacheFile: Error reading cache file:" (new Error("", "(unknown module)"))
1597340320560	Marionette	INFO	Listening on port 53674
1597340320645	Marionette	WARN	TLS certificate errors will be ignored for this session
JavaScript error: http://localhost:8000/cv, line 154: TypeError: document.getElementById(...) is null
1597340322306	Marionette	INFO	Stopped listening on port 53674
1597340341442	geckodriver	INFO	Listening on 127.0.0.1:53742
1597340341450	mozrunner::runner	INFO	Running command: "/Applications/Firefox.app/Contents/MacOS/firefox-bin" "--marionette" "-foreground" "-no-remote" "-profile" "/var/folders/1d/g8chbf091f1fkvjm54sjdmwr0000gn/T/rust_mozprofilepxKt0t"
console.error: SearchCache: "_readCacheFile: Error reading cache file:" (new Error("", "(unknown module)"))
1597340343332	Marionette	INFO	Listening on port 53747
1597340343389	Marionette	WARN	TLS certificate errors will be ignored for this session
JavaScript error: http://localhost:8000/cv, line 154: TypeError: document.getElementById(...) is null
1597340344236	Marionette	INFO	Stopped listening on port 53747
1597340416186	geckodriver	INFO	Listening on 127.0.0.1:53814
1597340416194	mozrunner::runner	INFO	Running command: "/Applications/Firefox.app/Contents/MacOS/firefox-bin" "--marionette" "-foreground" "-no-remote" "-profile" "/var/folders/1d/g8chbf091f1fkvjm54sjdmwr0000gn/T/rust_mozprofileDT2dQ6"
console.error: SearchCache: "_readCacheFile: Error reading cache file:" (new Error("", "(unknown module)"))
1597340418100	Marionette	INFO	Listening on port 53819
1597340418128	Marionette	WARN	TLS certificate errors will be ignored for this session
JavaScript error: http://localhost:8000/cv, line 154: TypeError: document.getElementById(...) is null
1597340419038	Marionette	INFO	Stopped listening on port 53819
1597340460313	geckodriver	INFO	Listening on 127.0.0.1:53884
1597340461330	mozrunner::runner	INFO	Running command: "/Applications/Firefox.app/Contents/MacOS/firefox-bin" "--marionette" "-foreground" "-no-remote" "-profile" "/var/folders/1d/g8chbf091f1fkvjm54sjdmwr0000gn/T/rust_mozprofileWOEJfR"
console.error: SearchCache: "_readCacheFile: Error reading cache file:" (new Error("", "(unknown module)"))
1597340463331	Marionette	INFO	Listening on port 53891
1597340463379	Marionette	WARN	TLS certificate errors will be ignored for this session
JavaScript error: http://localhost:8000/cv, line 154: TypeError: document.getElementById(...) is null
1597340464193	Marionette	INFO	Stopped listening on port 53891
1597340466484	geckodriver	INFO	Listening on 127.0.0.1:53959
1597340467499	mozrunner::runner	INFO	Running command: "/Applications/Firefox.app/Contents/MacOS/firefox-bin" "--marionette" "-foreground" "-no-remote" "-profile" "/var/folders/1d/g8chbf091f1fkvjm54sjdmwr0000gn/T/rust_mozprofile0ps41X"
console.error: SearchCache: "_readCacheFile: Error reading cache file:" (new Error("", "(unknown module)"))
1597340469376	Marionette	INFO	Listening on port 53966
1597340469439	Marionette	WARN	TLS certificate errors will be ignored for this session
1597340469471	Marionette	INFO	Stopped listening on port 53966
1597340496147	geckodriver	INFO	Listening on 127.0.0.1:54009
1597340496154	mozrunner::runner	INFO	Running command: "/Applications/Firefox.app/Contents/MacOS/firefox-bin" "--marionette" "-foreground" "-no-remote" "-profile" "/var/folders/1d/g8chbf091f1fkvjm54sjdmwr0000gn/T/rust_mozprofileEn6T2f"
console.error: SearchCache: "_readCacheFile: Error reading cache file:" (new Error("", "(unknown module)"))
1597340498017	Marionette	INFO	Listening on port 54014
1597340498091	Marionette	WARN	TLS certificate errors will be ignored for this session
JavaScript error: http://localhost:8000/cv, line 154: TypeError: document.getElementById(...) is null
1597340501104	Marionette	INFO	Stopped listening on port 54014
1597340544032	geckodriver	INFO	Listening on 127.0.0.1:54081
1597340544039	mozrunner::runner	INFO	Running command: "/Applications/Firefox.app/Contents/MacOS/firefox-bin" "--marionette" "-foreground" "-no-remote" "-profile" "/var/folders/1d/g8chbf091f1fkvjm54sjdmwr0000gn/T/rust_mozprofile3Q8TWa"
console.error: SearchCache: "_readCacheFile: Error reading cache file:" (new Error("", "(unknown module)"))
1597340545868	Marionette	INFO	Listening on port 54086
1597340545990	Marionette	WARN	TLS certificate errors will be ignored for this session
JavaScript error: http://localhost:8000/cv, line 154: TypeError: document.getElementById(...) is null
1597340546812	Marionette	INFO	Stopped listening on port 54086
1597424375364	geckodriver	INFO	Listening on 127.0.0.1:55828
1597424376389	mozrunner::runner	INFO	Running command: "/Applications/Firefox.app/Contents/MacOS/firefox-bin" "--marionette" "-foreground" "-no-remote" "-profile" "/var/folders/1d/g8chbf091f1fkvjm54sjdmwr0000gn/T/rust_mozprofileMJSRAM"
console.error: SearchCache: "_readCacheFile: Error reading cache file:" (new Error("", "(unknown module)"))
1597424378828	Marionette	INFO	Listening on port 55835
1597424378852	Marionette	WARN	TLS certificate errors will be ignored for this session
JavaScript error: http://localhost:8000/cv, line 161: TypeError: document.getElementById(...) is null
1597424379768	Marionette	INFO	Stopped listening on port 55835
1597681180145	geckodriver	INFO	Listening on 127.0.0.1:62329
1597681181168	mozrunner::runner	INFO	Running command: "/Applications/Firefox.app/Contents/MacOS/firefox-bin" "--marionette" "-foreground" "-no-remote" "-profile" "/var/folders/1d/g8chbf091f1fkvjm54sjdmwr0000gn/T/rust_mozprofilex0AsVJ"
console.error: SearchCache: "_readCacheFile: Error reading cache file:" (new Error("", "(unknown module)"))
1597681183885	Marionette	INFO	Listening on port 62339
1597681183930	Marionette	WARN	TLS certificate errors will be ignored for this session
JavaScript error: http://localhost:8000/cv, line 168: TypeError: document.getElementById(...) is null
1597681185014	Marionette	INFO	Stopped listening on port 62339
1597681259047	geckodriver	INFO	Listening on 127.0.0.1:62458
1597681259055	mozrunner::runner	INFO	Running command: "/Applications/Firefox.app/Contents/MacOS/firefox-bin" "--marionette" "-foreground" "-no-remote" "-profile" "/var/folders/1d/g8chbf091f1fkvjm54sjdmwr0000gn/T/rust_mozprofileh9J9jy"
console.error: SearchCache: "_readCacheFile: Error reading cache file:" (new Error("", "(unknown module)"))
1597681260965	Marionette	INFO	Listening on port 62463
1597681261003	Marionette	WARN	TLS certificate errors will be ignored for this session
JavaScript error: http://localhost:8000/cv, line 168: TypeError: document.getElementById(...) is null
1597681261949	Marionette	INFO	Stopped listening on port 62463
1597681337771	geckodriver	INFO	Listening on 127.0.0.1:62579
1597681337778	mozrunner::runner	INFO	Running command: "/Applications/Firefox.app/Contents/MacOS/firefox-bin" "--marionette" "-foreground" "-no-remote" "-profile" "/var/folders/1d/g8chbf091f1fkvjm54sjdmwr0000gn/T/rust_mozprofilex8AHTJ"
console.error: SearchCache: "_readCacheFile: Error reading cache file:" (new Error("", "(unknown module)"))
1597681339715	Marionette	INFO	Listening on port 62584
1597681339815	Marionette	WARN	TLS certificate errors will be ignored for this session
JavaScript error: http://localhost:8000/cv, line 168: TypeError: document.getElementById(...) is null
1597681343374	Marionette	INFO	Stopped listening on port 62584
1597681365928	geckodriver	INFO	Listening on 127.0.0.1:62672
1597681365935	mozrunner::runner	INFO	Running command: "/Applications/Firefox.app/Contents/MacOS/firefox-bin" "--marionette" "-foreground" "-no-remote" "-profile" "/var/folders/1d/g8chbf091f1fkvjm54sjdmwr0000gn/T/rust_mozprofileBvSFBL"
console.error: SearchCache: "_readCacheFile: Error reading cache file:" (new Error("", "(unknown module)"))
1597681367833	Marionette	INFO	Listening on port 62677
1597681367870	Marionette	WARN	TLS certificate errors will be ignored for this session
JavaScript error: http://localhost:8000/cv, line 168: TypeError: document.getElementById(...) is null
1597681368737	Marionette	INFO	Stopped listening on port 62677
1597681432348	geckodriver	INFO	Listening on 127.0.0.1:62780
1597681432355	mozrunner::runner	INFO	Running command: "/Applications/Firefox.app/Contents/MacOS/firefox-bin" "--marionette" "-foreground" "-no-remote" "-profile" "/var/folders/1d/g8chbf091f1fkvjm54sjdmwr0000gn/T/rust_mozprofileFx5cuc"
console.error: SearchCache: "_readCacheFile: Error reading cache file:" (new Error("", "(unknown module)"))
1597681434176	Marionette	INFO	Listening on port 62785
1597681434191	Marionette	WARN	TLS certificate errors will be ignored for this session
JavaScript error: http://localhost:8000/cv, line 168: TypeError: document.getElementById(...) is null
1597681435121	Marionette	INFO	Stopped listening on port 62785
1597681479431	geckodriver	INFO	Listening on 127.0.0.1:62874
1597681479438	mozrunner::runner	INFO	Running command: "/Applications/Firefox.app/Contents/MacOS/firefox-bin" "--marionette" "-foreground" "-no-remote" "-profile" "/var/folders/1d/g8chbf091f1fkvjm54sjdmwr0000gn/T/rust_mozprofileUum4Zv"
console.error: SearchCache: "_readCacheFile: Error reading cache file:" (new Error("", "(unknown module)"))
1597681481399	Marionette	INFO	Listening on port 62879
1597681481483	Marionette	WARN	TLS certificate errors will be ignored for this session
JavaScript error: http://localhost:8000/cv, line 168: TypeError: document.getElementById(...) is null
1597681482362	Marionette	INFO	Stopped listening on port 62879
1597681610896	geckodriver	INFO	Listening on 127.0.0.1:63038
1597681610903	mozrunner::runner	INFO	Running command: "/Applications/Firefox.app/Contents/MacOS/firefox-bin" "--marionette" "-foreground" "-no-remote" "-profile" "/var/folders/1d/g8chbf091f1fkvjm54sjdmwr0000gn/T/rust_mozprofileCRIRMB"
console.error: SearchCache: "_readCacheFile: Error reading cache file:" (new Error("", "(unknown module)"))
1597681612749	Marionette	INFO	Listening on port 63043
1597681612849	Marionette	WARN	TLS certificate errors will be ignored for this session
JavaScript error: http://localhost:8000/cv, line 168: TypeError: document.getElementById(...) is null
1597681613956	Marionette	INFO	Stopped listening on port 63043
1597681709300	geckodriver	INFO	Listening on 127.0.0.1:63179
1597681709307	mozrunner::runner	INFO	Running command: "/Applications/Firefox.app/Contents/MacOS/firefox-bin" "--marionette" "-foreground" "-no-remote" "-profile" "/var/folders/1d/g8chbf091f1fkvjm54sjdmwr0000gn/T/rust_mozprofilenwz6RJ"
console.error: SearchCache: "_readCacheFile: Error reading cache file:" (new Error("", "(unknown module)"))
1597681711191	Marionette	INFO	Listening on port 63184
1597681711252	Marionette	WARN	TLS certificate errors will be ignored for this session
JavaScript error: http://localhost:8000/cv, line 166: TypeError: document.getElementById(...) is null
1597681712113	Marionette	INFO	Stopped listening on port 63184
1597681819731	geckodriver	INFO	Listening on 127.0.0.1:63319
1597681819739	mozrunner::runner	INFO	Running command: "/Applications/Firefox.app/Contents/MacOS/firefox-bin" "--marionette" "-foreground" "-no-remote" "-profile" "/var/folders/1d/g8chbf091f1fkvjm54sjdmwr0000gn/T/rust_mozprofile6DXfIz"
console.error: SearchCache: "_readCacheFile: Error reading cache file:" (new Error("", "(unknown module)"))
1597681821599	Marionette	INFO	Listening on port 63324
1597681821674	Marionette	WARN	TLS certificate errors will be ignored for this session
JavaScript error: http://localhost:8000/cv, line 166: TypeError: document.getElementById(...) is null
1597681822595	Marionette	INFO	Stopped listening on port 63324
1597682116984	geckodriver	INFO	Listening on 127.0.0.1:63677
1597682116991	mozrunner::runner	INFO	Running command: "/Applications/Firefox.app/Contents/MacOS/firefox-bin" "--marionette" "-foreground" "-no-remote" "-profile" "/var/folders/1d/g8chbf091f1fkvjm54sjdmwr0000gn/T/rust_mozprofile4wM0Vv"
console.error: SearchCache: "_readCacheFile: Error reading cache file:" (new Error("", "(unknown module)"))
1597682118880	Marionette	INFO	Listening on port 63682
1597682118935	Marionette	WARN	TLS certificate errors will be ignored for this session
JavaScript error: http://localhost:8000/cv, line 166: TypeError: document.getElementById(...) is null
1597682119922	Marionette	INFO	Stopped listening on port 63682
1597682139371	geckodriver	INFO	Listening on 127.0.0.1:63762
1597682139378	mozrunner::runner	INFO	Running command: "/Applications/Firefox.app/Contents/MacOS/firefox-bin" "--marionette" "-foreground" "-no-remote" "-profile" "/var/folders/1d/g8chbf091f1fkvjm54sjdmwr0000gn/T/rust_mozprofileLDYnfF"
console.error: SearchCache: "_readCacheFile: Error reading cache file:" (new Error("", "(unknown module)"))
1597682141266	Marionette	INFO	Listening on port 63767
1597682141330	Marionette	WARN	TLS certificate errors will be ignored for this session
JavaScript error: http://localhost:8000/cv, line 166: TypeError: document.getElementById(...) is null
1597682142240	Marionette	INFO	Stopped listening on port 63767
1597682210144	geckodriver	INFO	Listening on 127.0.0.1:63880
1597682210151	mozrunner::runner	INFO	Running command: "/Applications/Firefox.app/Contents/MacOS/firefox-bin" "--marionette" "-foreground" "-no-remote" "-profile" "/var/folders/1d/g8chbf091f1fkvjm54sjdmwr0000gn/T/rust_mozprofileHWcmYh"
console.error: SearchCache: "_readCacheFile: Error reading cache file:" (new Error("", "(unknown module)"))
1597682212046	Marionette	INFO	Listening on port 63885
1597682212092	Marionette	WARN	TLS certificate errors will be ignored for this session
JavaScript error: http://localhost:8000/cv, line 166: TypeError: document.getElementById(...) is null
1597682213002	Marionette	INFO	Stopped listening on port 63885
1597682782097	geckodriver	INFO	Listening on 127.0.0.1:64358
1597682783119	mozrunner::runner	INFO	Running command: "/Applications/Firefox.app/Contents/MacOS/firefox-bin" "--marionette" "-foreground" "-no-remote" "-profile" "/var/folders/1d/g8chbf091f1fkvjm54sjdmwr0000gn/T/rust_mozprofileB6g2Hn"
console.error: SearchCache: "_readCacheFile: Error reading cache file:" (new Error("", "(unknown module)"))
1597682785256	Marionette	INFO	Listening on port 64365
1597682785354	Marionette	WARN	TLS certificate errors will be ignored for this session
JavaScript error: http://localhost:8000/cv, line 166: TypeError: document.getElementById(...) is null
1597682786204	Marionette	INFO	Stopped listening on port 64365
1597775618924	geckodriver	INFO	Listening on 127.0.0.1:64256
1597775618945	mozrunner::runner	INFO	Running command: "/Applications/Firefox.app/Contents/MacOS/firefox-bin" "--marionette" "-foreground" "-no-remote" "-profile" "/var/folders/1d/g8chbf091f1fkvjm54sjdmwr0000gn/T/rust_mozprofileN1lloG"
console.error: SearchCache: "_readCacheFile: Error reading cache file:" (new Error("", "(unknown module)"))
1597775621461	Marionette	INFO	Listening on port 64261
1597775621505	Marionette	WARN	TLS certificate errors will be ignored for this session
JavaScript error: http://localhost:8000/cv, line 161: TypeError: document.getElementById(...) is null
1597775622343	Marionette	INFO	Stopped listening on port 64261
1598107060424	geckodriver	INFO	Listening on 127.0.0.1:53634
1598107060447	mozrunner::runner	INFO	Running command: "/Applications/Firefox.app/Contents/MacOS/firefox-bin" "--marionette" "-foreground" "-no-remote" "-profile" "/var/folders/1d/g8chbf091f1fkvjm54sjdmwr0000gn/T/rust_mozprofilevaNgGZ"
console.error: SearchCache: "_readCacheFile: Error reading cache file:" (new Error("", "(unknown module)"))
1598107063012	Marionette	INFO	Listening on port 53643
1598107063103	Marionette	WARN	TLS certificate errors will be ignored for this session
1598107063205	Marionette	INFO	Stopped listening on port 53643
IPDL protocol error: Handler returned error code!

###!!! [Parent][DispatchAsyncMessage] Error: PLayerTransaction::Msg_ReleaseLayer Processing error: message was deserialized, but the handler returned false (indicating failure)

IPDL protocol error: Handler returned error code!

###!!! [Parent][DispatchAsyncMessage] Error: PLayerTransaction::Msg_ReleaseLayer Processing error: message was deserialized, but the handler returned false (indicating failure)

IPDL protocol error: Handler returned error code!

###!!! [Parent][DispatchAsyncMessage] Error: PLayerTransaction::Msg_ReleaseLayer Processing error: message was deserialized, but the handler returned false (indicating failure)

IPDL protocol error: Handler returned error code!

###!!! [Parent][DispatchAsyncMessage] Error: PLayerTransaction::Msg_ReleaseLayer Processing error: message was deserialized, but the handler returned false (indicating failure)

1598107099458	geckodriver	INFO	Listening on 127.0.0.1:53721
1598107099466	mozrunner::runner	INFO	Running command: "/Applications/Firefox.app/Contents/MacOS/firefox-bin" "--marionette" "-foreground" "-no-remote" "-profile" "/var/folders/1d/g8chbf091f1fkvjm54sjdmwr0000gn/T/rust_mozprofile3sGQuu"
console.error: SearchCache: "_readCacheFile: Error reading cache file:" (new Error("", "(unknown module)"))
1598107101325	Marionette	INFO	Listening on port 53730
1598107101404	Marionette	WARN	TLS certificate errors will be ignored for this session
JavaScript error: http://localhost:8000/cv, line 161: TypeError: document.getElementById(...) is null
1598107103028	Marionette	INFO	Stopped listening on port 53730
